<<<<<<< HEAD
2025-05-25 17:40:26,173 - INFO - 训练开始，数据集大小: 227
2025-05-25 17:40:26,174 - INFO - 验证集大小: 8
2025-05-25 17:40:26,174 - INFO - 测试集大小: 8
2025-05-25 17:40:26,174 - INFO - 源词汇表大小: 7854
2025-05-25 17:40:26,175 - INFO - 目标词汇表大小: 5894
2025-05-25 17:40:26,175 - INFO - 模型类型: lstm
2025-05-25 17:40:26,175 - INFO - 注意力类型: luong
2025-05-25 17:40:26,176 - INFO - 批量大小: 128
2025-05-25 17:40:26,176 - INFO - 最小词频: 2
2025-05-25 17:40:26,176 - INFO - 嵌入大小: 256
2025-05-25 17:40:26,176 - INFO - 隐藏大小: 512
2025-05-25 17:40:26,177 - INFO - 层数: 4
2025-05-25 17:40:26,177 - INFO - dropout: 0.5
2025-05-25 17:40:26,177 - INFO - 学习率: 0.001
2025-05-25 17:40:26,178 - INFO - 教师强制比例: 0.5
2025-05-25 17:40:26,178 - INFO - 梯度裁剪: 1.0
2025-05-25 17:55:54,396 - INFO - Epoch: 01 | Time: 15m 27s
2025-05-25 17:55:54,396 - INFO - 	Train Loss: 4.931 | Train PPL: 138.572
2025-05-25 17:55:54,397 - INFO - 	 Val. Loss: 4.868 |  Val. PPL: 130.016
2025-05-25 18:11:13,257 - INFO - Epoch: 02 | Time: 15m 18s
2025-05-25 18:11:13,258 - INFO - 	Train Loss: 4.331 | Train PPL:  76.048
2025-05-25 18:11:13,258 - INFO - 	 Val. Loss: 4.573 |  Val. PPL:  96.816
2025-05-25 18:26:28,161 - INFO - Epoch: 03 | Time: 15m 14s
2025-05-25 18:26:28,162 - INFO - 	Train Loss: 3.862 | Train PPL:  47.537
2025-05-25 18:26:28,162 - INFO - 	 Val. Loss: 4.208 |  Val. PPL:  67.234
2025-05-25 18:41:37,259 - INFO - Epoch: 04 | Time: 15m 9s
2025-05-25 18:41:37,259 - INFO - 	Train Loss: 3.503 | Train PPL:  33.227
2025-05-25 18:41:37,260 - INFO - 	 Val. Loss: 3.882 |  Val. PPL:  48.515
2025-05-25 18:56:49,679 - INFO - Epoch: 05 | Time: 15m 12s
2025-05-25 18:56:49,679 - INFO - 	Train Loss: 3.180 | Train PPL:  24.040
2025-05-25 18:56:49,679 - INFO - 	 Val. Loss: 3.771 |  Val. PPL:  43.404
2025-05-25 19:12:05,421 - INFO - Epoch: 06 | Time: 15m 15s
2025-05-25 19:12:05,422 - INFO - 	Train Loss: 2.965 | Train PPL:  19.388
2025-05-25 19:12:05,422 - INFO - 	 Val. Loss: 3.647 |  Val. PPL:  38.368
2025-05-25 19:27:20,248 - INFO - Epoch: 07 | Time: 15m 14s
2025-05-25 19:27:20,248 - INFO - 	Train Loss: 2.770 | Train PPL:  15.957
2025-05-25 19:27:20,249 - INFO - 	 Val. Loss: 3.594 |  Val. PPL:  36.383
2025-05-25 19:42:27,881 - INFO - Epoch: 08 | Time: 15m 7s
2025-05-25 19:42:27,881 - INFO - 	Train Loss: 2.604 | Train PPL:  13.522
2025-05-25 19:42:27,882 - INFO - 	 Val. Loss: 3.552 |  Val. PPL:  34.884
2025-05-25 19:57:38,749 - INFO - Epoch: 09 | Time: 15m 10s
2025-05-25 19:57:38,749 - INFO - 	Train Loss: 2.491 | Train PPL:  12.078
2025-05-25 19:57:38,750 - INFO - 	 Val. Loss: 3.518 |  Val. PPL:  33.721
2025-05-25 20:12:48,791 - INFO - Epoch: 10 | Time: 15m 9s
2025-05-25 20:12:48,791 - INFO - 	Train Loss: 2.368 | Train PPL:  10.678
2025-05-25 20:12:48,792 - INFO - 	 Val. Loss: 3.497 |  Val. PPL:  33.013
2025-05-25 20:12:57,640 - INFO - Test Loss: 3.517 | Test PPL:  33.676
=======
2025-05-25 17:40:26,173 - INFO - 训练开始，数据集大小: 227
2025-05-25 17:40:26,174 - INFO - 验证集大小: 8
2025-05-25 17:40:26,174 - INFO - 测试集大小: 8
2025-05-25 17:40:26,174 - INFO - 源词汇表大小: 7854
2025-05-25 17:40:26,175 - INFO - 目标词汇表大小: 5894
2025-05-25 17:40:26,175 - INFO - 模型类型: lstm
2025-05-25 17:40:26,175 - INFO - 注意力类型: luong
2025-05-25 17:40:26,176 - INFO - 批量大小: 128
2025-05-25 17:40:26,176 - INFO - 最小词频: 2
2025-05-25 17:40:26,176 - INFO - 嵌入大小: 256
2025-05-25 17:40:26,176 - INFO - 隐藏大小: 512
2025-05-25 17:40:26,177 - INFO - 层数: 4
2025-05-25 17:40:26,177 - INFO - dropout: 0.5
2025-05-25 17:40:26,177 - INFO - 学习率: 0.001
2025-05-25 17:40:26,178 - INFO - 教师强制比例: 0.5
2025-05-25 17:40:26,178 - INFO - 梯度裁剪: 1.0
2025-05-25 17:55:54,396 - INFO - Epoch: 01 | Time: 15m 27s
2025-05-25 17:55:54,396 - INFO - 	Train Loss: 4.931 | Train PPL: 138.572
2025-05-25 17:55:54,397 - INFO - 	 Val. Loss: 4.868 |  Val. PPL: 130.016
2025-05-25 18:11:13,257 - INFO - Epoch: 02 | Time: 15m 18s
2025-05-25 18:11:13,258 - INFO - 	Train Loss: 4.331 | Train PPL:  76.048
2025-05-25 18:11:13,258 - INFO - 	 Val. Loss: 4.573 |  Val. PPL:  96.816
2025-05-25 18:26:28,161 - INFO - Epoch: 03 | Time: 15m 14s
2025-05-25 18:26:28,162 - INFO - 	Train Loss: 3.862 | Train PPL:  47.537
2025-05-25 18:26:28,162 - INFO - 	 Val. Loss: 4.208 |  Val. PPL:  67.234
2025-05-25 18:41:37,259 - INFO - Epoch: 04 | Time: 15m 9s
2025-05-25 18:41:37,259 - INFO - 	Train Loss: 3.503 | Train PPL:  33.227
2025-05-25 18:41:37,260 - INFO - 	 Val. Loss: 3.882 |  Val. PPL:  48.515
2025-05-25 18:56:49,679 - INFO - Epoch: 05 | Time: 15m 12s
2025-05-25 18:56:49,679 - INFO - 	Train Loss: 3.180 | Train PPL:  24.040
2025-05-25 18:56:49,679 - INFO - 	 Val. Loss: 3.771 |  Val. PPL:  43.404
2025-05-25 19:12:05,421 - INFO - Epoch: 06 | Time: 15m 15s
2025-05-25 19:12:05,422 - INFO - 	Train Loss: 2.965 | Train PPL:  19.388
2025-05-25 19:12:05,422 - INFO - 	 Val. Loss: 3.647 |  Val. PPL:  38.368
2025-05-25 19:27:20,248 - INFO - Epoch: 07 | Time: 15m 14s
2025-05-25 19:27:20,248 - INFO - 	Train Loss: 2.770 | Train PPL:  15.957
2025-05-25 19:27:20,249 - INFO - 	 Val. Loss: 3.594 |  Val. PPL:  36.383
2025-05-25 19:42:27,881 - INFO - Epoch: 08 | Time: 15m 7s
2025-05-25 19:42:27,881 - INFO - 	Train Loss: 2.604 | Train PPL:  13.522
2025-05-25 19:42:27,882 - INFO - 	 Val. Loss: 3.552 |  Val. PPL:  34.884
2025-05-25 19:57:38,749 - INFO - Epoch: 09 | Time: 15m 10s
2025-05-25 19:57:38,749 - INFO - 	Train Loss: 2.491 | Train PPL:  12.078
2025-05-25 19:57:38,750 - INFO - 	 Val. Loss: 3.518 |  Val. PPL:  33.721
2025-05-25 20:12:48,791 - INFO - Epoch: 10 | Time: 15m 9s
2025-05-25 20:12:48,791 - INFO - 	Train Loss: 2.368 | Train PPL:  10.678
2025-05-25 20:12:48,792 - INFO - 	 Val. Loss: 3.497 |  Val. PPL:  33.013
2025-05-25 20:12:57,640 - INFO - Test Loss: 3.517 | Test PPL:  33.676
>>>>>>> 122082e17e4a59b84a279fae2b942a56c0dd3b0b
