<<<<<<< HEAD
2025-05-27 20:34:22,602 - INFO - 训练开始，数据集大小: 227
2025-05-27 20:34:22,603 - INFO - 验证集大小: 8
2025-05-27 20:34:22,603 - INFO - 测试集大小: 8
2025-05-27 20:34:22,603 - INFO - 源词汇表大小: 7854
2025-05-27 20:34:22,603 - INFO - 目标词汇表大小: 5894
2025-05-27 20:34:22,603 - INFO - 模型类型: gru
2025-05-27 20:34:22,604 - INFO - 注意力类型: luong
2025-05-27 20:34:22,604 - INFO - 批量大小: 128
2025-05-27 20:34:22,604 - INFO - 最小词频: 2
2025-05-27 20:34:22,604 - INFO - 嵌入大小: 256
2025-05-27 20:34:22,604 - INFO - 隐藏大小: 512
2025-05-27 20:34:22,604 - INFO - 层数: 4
2025-05-27 20:34:22,604 - INFO - dropout: 0.5
2025-05-27 20:34:22,604 - INFO - 学习率: 0.001
2025-05-27 20:34:22,604 - INFO - 教师强制比例: 0.5
2025-05-27 20:34:22,604 - INFO - 梯度裁剪: 1.0
2025-05-27 20:46:01,291 - INFO - 保存最佳模型: gru-best-model.pt, 验证损失: 4.554
2025-05-27 20:46:01,362 - INFO - Epoch: 01 | Time: 11m 38s
2025-05-27 20:46:01,362 - INFO - 	Train Loss: 4.827 | Train PPL: 124.812
2025-05-27 20:46:01,363 - INFO - 	 Val. Loss: 4.554 |  Val. PPL:  94.991
2025-05-27 20:57:34,527 - INFO - 保存最佳模型: gru-best-model.pt, 验证损失: 4.129
2025-05-27 20:57:34,602 - INFO - Epoch: 02 | Time: 11m 33s
2025-05-27 20:57:34,603 - INFO - 	Train Loss: 4.002 | Train PPL:  54.701
2025-05-27 20:57:34,603 - INFO - 	 Val. Loss: 4.129 |  Val. PPL:  62.104
2025-05-27 21:09:04,597 - INFO - 保存最佳模型: gru-best-model.pt, 验证损失: 3.941
2025-05-27 21:09:04,674 - INFO - Epoch: 03 | Time: 11m 29s
2025-05-27 21:09:04,674 - INFO - 	Train Loss: 3.539 | Train PPL:  34.441
2025-05-27 21:09:04,675 - INFO - 	 Val. Loss: 3.941 |  Val. PPL:  51.482
2025-05-27 21:20:35,027 - INFO - 保存最佳模型: gru-best-model.pt, 验证损失: 3.764
2025-05-27 21:20:35,104 - INFO - Epoch: 04 | Time: 11m 30s
2025-05-27 21:20:35,104 - INFO - 	Train Loss: 3.205 | Train PPL:  24.650
2025-05-27 21:20:35,104 - INFO - 	 Val. Loss: 3.764 |  Val. PPL:  43.131
2025-05-27 21:32:06,031 - INFO - 保存最佳模型: gru-best-model.pt, 验证损失: 3.715
2025-05-27 21:32:06,109 - INFO - Epoch: 05 | Time: 11m 30s
2025-05-27 21:32:06,110 - INFO - 	Train Loss: 2.969 | Train PPL:  19.471
2025-05-27 21:32:06,110 - INFO - 	 Val. Loss: 3.715 |  Val. PPL:  41.056
2025-05-27 21:43:40,579 - INFO - 保存最佳模型: gru-best-model.pt, 验证损失: 3.616
2025-05-27 21:43:40,653 - INFO - Epoch: 06 | Time: 11m 34s
2025-05-27 21:43:40,654 - INFO - 	Train Loss: 2.807 | Train PPL:  16.565
2025-05-27 21:43:40,654 - INFO - 	 Val. Loss: 3.616 |  Val. PPL:  37.204
2025-05-27 21:55:15,316 - INFO - Epoch: 07 | Time: 11m 34s
2025-05-27 21:55:15,317 - INFO - 	Train Loss: 2.657 | Train PPL:  14.256
2025-05-27 21:55:15,317 - INFO - 	 Val. Loss: 3.618 |  Val. PPL:  37.281
2025-05-27 22:06:47,340 - INFO - 保存最佳模型: gru-best-model.pt, 验证损失: 3.557
2025-05-27 22:06:47,414 - INFO - Epoch: 08 | Time: 11m 32s
2025-05-27 22:06:47,414 - INFO - 	Train Loss: 2.521 | Train PPL:  12.438
2025-05-27 22:06:47,415 - INFO - 	 Val. Loss: 3.557 |  Val. PPL:  35.050
2025-05-27 22:18:25,074 - INFO - Epoch: 09 | Time: 11m 37s
2025-05-27 22:18:25,075 - INFO - 	Train Loss: 2.409 | Train PPL:  11.122
2025-05-27 22:18:25,075 - INFO - 	 Val. Loss: 3.626 |  Val. PPL:  37.566
2025-05-27 22:30:02,888 - INFO - 保存最佳模型: gru-best-model.pt, 验证损失: 3.556
2025-05-27 22:30:02,964 - INFO - Epoch: 10 | Time: 11m 37s
2025-05-27 22:30:02,964 - INFO - 	Train Loss: 2.306 | Train PPL:  10.038
2025-05-27 22:30:02,965 - INFO - 	 Val. Loss: 3.556 |  Val. PPL:  35.007
2025-05-27 22:30:09,130 - INFO - Test Loss: 3.537 | Test PPL:  34.354
=======
2025-05-27 20:34:22,602 - INFO - 训练开始，数据集大小: 227
2025-05-27 20:34:22,603 - INFO - 验证集大小: 8
2025-05-27 20:34:22,603 - INFO - 测试集大小: 8
2025-05-27 20:34:22,603 - INFO - 源词汇表大小: 7854
2025-05-27 20:34:22,603 - INFO - 目标词汇表大小: 5894
2025-05-27 20:34:22,603 - INFO - 模型类型: gru
2025-05-27 20:34:22,604 - INFO - 注意力类型: luong
2025-05-27 20:34:22,604 - INFO - 批量大小: 128
2025-05-27 20:34:22,604 - INFO - 最小词频: 2
2025-05-27 20:34:22,604 - INFO - 嵌入大小: 256
2025-05-27 20:34:22,604 - INFO - 隐藏大小: 512
2025-05-27 20:34:22,604 - INFO - 层数: 4
2025-05-27 20:34:22,604 - INFO - dropout: 0.5
2025-05-27 20:34:22,604 - INFO - 学习率: 0.001
2025-05-27 20:34:22,604 - INFO - 教师强制比例: 0.5
2025-05-27 20:34:22,604 - INFO - 梯度裁剪: 1.0
2025-05-27 20:46:01,291 - INFO - 保存最佳模型: gru-best-model.pt, 验证损失: 4.554
2025-05-27 20:46:01,362 - INFO - Epoch: 01 | Time: 11m 38s
2025-05-27 20:46:01,362 - INFO - 	Train Loss: 4.827 | Train PPL: 124.812
2025-05-27 20:46:01,363 - INFO - 	 Val. Loss: 4.554 |  Val. PPL:  94.991
2025-05-27 20:57:34,527 - INFO - 保存最佳模型: gru-best-model.pt, 验证损失: 4.129
2025-05-27 20:57:34,602 - INFO - Epoch: 02 | Time: 11m 33s
2025-05-27 20:57:34,603 - INFO - 	Train Loss: 4.002 | Train PPL:  54.701
2025-05-27 20:57:34,603 - INFO - 	 Val. Loss: 4.129 |  Val. PPL:  62.104
2025-05-27 21:09:04,597 - INFO - 保存最佳模型: gru-best-model.pt, 验证损失: 3.941
2025-05-27 21:09:04,674 - INFO - Epoch: 03 | Time: 11m 29s
2025-05-27 21:09:04,674 - INFO - 	Train Loss: 3.539 | Train PPL:  34.441
2025-05-27 21:09:04,675 - INFO - 	 Val. Loss: 3.941 |  Val. PPL:  51.482
2025-05-27 21:20:35,027 - INFO - 保存最佳模型: gru-best-model.pt, 验证损失: 3.764
2025-05-27 21:20:35,104 - INFO - Epoch: 04 | Time: 11m 30s
2025-05-27 21:20:35,104 - INFO - 	Train Loss: 3.205 | Train PPL:  24.650
2025-05-27 21:20:35,104 - INFO - 	 Val. Loss: 3.764 |  Val. PPL:  43.131
2025-05-27 21:32:06,031 - INFO - 保存最佳模型: gru-best-model.pt, 验证损失: 3.715
2025-05-27 21:32:06,109 - INFO - Epoch: 05 | Time: 11m 30s
2025-05-27 21:32:06,110 - INFO - 	Train Loss: 2.969 | Train PPL:  19.471
2025-05-27 21:32:06,110 - INFO - 	 Val. Loss: 3.715 |  Val. PPL:  41.056
2025-05-27 21:43:40,579 - INFO - 保存最佳模型: gru-best-model.pt, 验证损失: 3.616
2025-05-27 21:43:40,653 - INFO - Epoch: 06 | Time: 11m 34s
2025-05-27 21:43:40,654 - INFO - 	Train Loss: 2.807 | Train PPL:  16.565
2025-05-27 21:43:40,654 - INFO - 	 Val. Loss: 3.616 |  Val. PPL:  37.204
2025-05-27 21:55:15,316 - INFO - Epoch: 07 | Time: 11m 34s
2025-05-27 21:55:15,317 - INFO - 	Train Loss: 2.657 | Train PPL:  14.256
2025-05-27 21:55:15,317 - INFO - 	 Val. Loss: 3.618 |  Val. PPL:  37.281
2025-05-27 22:06:47,340 - INFO - 保存最佳模型: gru-best-model.pt, 验证损失: 3.557
2025-05-27 22:06:47,414 - INFO - Epoch: 08 | Time: 11m 32s
2025-05-27 22:06:47,414 - INFO - 	Train Loss: 2.521 | Train PPL:  12.438
2025-05-27 22:06:47,415 - INFO - 	 Val. Loss: 3.557 |  Val. PPL:  35.050
2025-05-27 22:18:25,074 - INFO - Epoch: 09 | Time: 11m 37s
2025-05-27 22:18:25,075 - INFO - 	Train Loss: 2.409 | Train PPL:  11.122
2025-05-27 22:18:25,075 - INFO - 	 Val. Loss: 3.626 |  Val. PPL:  37.566
2025-05-27 22:30:02,888 - INFO - 保存最佳模型: gru-best-model.pt, 验证损失: 3.556
2025-05-27 22:30:02,964 - INFO - Epoch: 10 | Time: 11m 37s
2025-05-27 22:30:02,964 - INFO - 	Train Loss: 2.306 | Train PPL:  10.038
2025-05-27 22:30:02,965 - INFO - 	 Val. Loss: 3.556 |  Val. PPL:  35.007
2025-05-27 22:30:09,130 - INFO - Test Loss: 3.537 | Test PPL:  34.354
>>>>>>> 122082e17e4a59b84a279fae2b942a56c0dd3b0b
