<<<<<<< HEAD
2025-05-25 11:26:22,924 - INFO - 检查点将保存在: ./A2/checkpoints\20250525_112622
2025-05-25 11:26:22,925 - INFO - 正在从 E:\Files\OneDrive\Codes\PyCharmProjects\DL_from_scratch\data 加载数据...
2025-05-25 11:26:22,965 - INFO - 数据加载完成，耗时: 0.04秒
2025-05-25 11:26:22,965 - INFO - 训练样本数: 1000, 测试样本数: 1000
2025-05-25 11:26:25,611 - INFO - 输入图像形状: torch.Size([256, 1, 28, 28])
2025-05-25 11:26:26,176 - INFO - 模型初始化完成，开始训练...
2025-05-25 11:26:26,176 - INFO - 轮次 1/100 开始训练...
2025-05-25 11:26:28,670 - INFO - 批次进度: 0/4 (0.0%)
2025-05-25 11:28:11,657 - INFO - 轮次 1/100, 损失: 3.786, 耗时: 105.48秒
2025-05-25 11:28:11,658 - INFO - 在100个测试样本上评估模型...
2025-05-25 11:28:22,919 - INFO - 快速评估 - 准确率: 9.38%, 耗时: 11.26秒
2025-05-25 11:28:22,922 - INFO - 保存新的最佳模型，准确率: 9.38%
2025-05-25 11:28:22,922 - INFO - 轮次 2/100 开始训练...
2025-05-25 11:28:25,090 - INFO - 批次进度: 0/4 (0.0%)
2025-05-25 11:30:07,385 - INFO - 轮次 2/100, 损失: 3.546, 耗时: 104.46秒
2025-05-25 11:30:07,385 - INFO - 在100个测试样本上评估模型...
2025-05-25 11:30:19,524 - INFO - 快速评估 - 准确率: 9.38%, 耗时: 12.14秒
2025-05-25 11:30:19,525 - INFO - 模型性能没有改善，已经 1 轮
2025-05-25 11:30:19,525 - INFO - 轮次 3/100 开始训练...
2025-05-25 11:30:22,034 - INFO - 批次进度: 0/4 (0.0%)
2025-05-25 11:32:08,856 - INFO - 轮次 3/100, 损失: 3.381, 耗时: 109.33秒
2025-05-25 11:32:08,856 - INFO - 在100个测试样本上评估模型...
2025-05-25 11:32:20,137 - INFO - 快速评估 - 准确率: 8.98%, 耗时: 11.28秒
2025-05-25 11:32:20,138 - INFO - 模型性能没有改善，已经 2 轮
2025-05-25 11:32:20,138 - INFO - 轮次 4/100 开始训练...
2025-05-25 11:32:22,377 - INFO - 批次进度: 0/4 (0.0%)
2025-05-25 11:34:03,175 - INFO - 轮次 4/100, 损失: 3.270, 耗时: 103.04秒
2025-05-25 11:34:03,175 - INFO - 在100个测试样本上评估模型...
2025-05-25 11:34:14,613 - INFO - 快速评估 - 准确率: 9.38%, 耗时: 11.44秒
2025-05-25 11:34:14,613 - INFO - 模型性能没有改善，已经 3 轮
2025-05-25 11:34:14,614 - INFO - 轮次 5/100 开始训练...
2025-05-25 11:34:16,884 - INFO - 批次进度: 0/4 (0.0%)
2025-05-25 11:35:57,915 - INFO - 轮次 5/100, 损失: 3.173, 耗时: 103.30秒
2025-05-25 11:35:57,915 - INFO - 在100个测试样本上评估模型...
2025-05-25 11:36:09,238 - INFO - 快速评估 - 准确率: 8.20%, 耗时: 11.32秒
2025-05-25 11:36:09,239 - INFO - 模型性能没有改善，已经 4 轮
2025-05-25 11:36:09,239 - INFO - 轮次 6/100 开始训练...
2025-05-25 11:36:11,548 - INFO - 批次进度: 0/4 (0.0%)
2025-05-25 11:38:04,266 - INFO - 轮次 6/100, 损失: 3.097, 耗时: 115.03秒
2025-05-25 11:38:04,266 - INFO - 在100个测试样本上评估模型...
2025-05-25 11:38:16,205 - INFO - 快速评估 - 准确率: 8.98%, 耗时: 11.94秒
2025-05-25 11:38:16,205 - INFO - 模型性能没有改善，已经 5 轮
2025-05-25 11:38:16,206 - INFO - 轮次 7/100 开始训练...
2025-05-25 11:38:18,516 - INFO - 批次进度: 0/4 (0.0%)
2025-05-25 11:40:01,305 - INFO - 轮次 7/100, 损失: 3.038, 耗时: 105.10秒
2025-05-25 11:40:01,305 - INFO - 在100个测试样本上评估模型...
2025-05-25 11:40:12,696 - INFO - 快速评估 - 准确率: 8.59%, 耗时: 11.39秒
2025-05-25 11:40:12,696 - INFO - 模型性能没有改善，已经 6 轮
2025-05-25 11:40:12,696 - INFO - 轮次 8/100 开始训练...
2025-05-25 11:40:15,027 - INFO - 批次进度: 0/4 (0.0%)
2025-05-25 11:41:57,648 - INFO - 轮次 8/100, 损失: 2.985, 耗时: 104.95秒
2025-05-25 11:41:57,649 - INFO - 在100个测试样本上评估模型...
2025-05-25 11:42:08,932 - INFO - 快速评估 - 准确率: 8.59%, 耗时: 11.28秒
2025-05-25 11:42:08,932 - INFO - 模型性能没有改善，已经 7 轮
2025-05-25 11:42:08,932 - INFO - 轮次 9/100 开始训练...
2025-05-25 11:42:11,253 - INFO - 批次进度: 0/4 (0.0%)
2025-05-25 11:43:54,074 - INFO - 轮次 9/100, 损失: 2.938, 耗时: 105.14秒
2025-05-25 11:43:54,074 - INFO - 在100个测试样本上评估模型...
2025-05-25 11:44:05,763 - INFO - 快速评估 - 准确率: 8.59%, 耗时: 11.69秒
2025-05-25 11:44:05,763 - INFO - 模型性能没有改善，已经 8 轮
2025-05-25 11:44:05,764 - INFO - 轮次 10/100 开始训练...
2025-05-25 11:44:08,215 - INFO - 批次进度: 0/4 (0.0%)
2025-05-25 11:46:00,667 - INFO - 轮次 10/100, 损失: 2.897, 耗时: 114.90秒
2025-05-25 11:46:00,668 - INFO - 在100个测试样本上评估模型...
2025-05-25 11:46:12,551 - INFO - 快速评估 - 准确率: 8.59%, 耗时: 11.88秒
2025-05-25 11:46:12,551 - INFO - 模型性能没有改善，已经 9 轮
2025-05-25 11:46:12,551 - INFO - 轮次 11/100 开始训练...
2025-05-25 11:46:14,973 - INFO - 批次进度: 0/4 (0.0%)
2025-05-25 11:48:01,377 - INFO - 轮次 11/100, 损失: 2.866, 耗时: 108.83秒
2025-05-25 11:48:01,378 - INFO - 在100个测试样本上评估模型...
2025-05-25 11:48:12,797 - INFO - 快速评估 - 准确率: 8.59%, 耗时: 11.42秒
2025-05-25 11:48:12,797 - INFO - 模型性能没有改善，已经 10 轮
2025-05-25 11:48:12,798 - INFO - 触发早停：10 轮没有改善
2025-05-25 11:48:12,798 - INFO - 训练完成，总耗时: 1306.62秒, 平均每轮耗时: 13.07秒
2025-05-25 11:48:12,798 - INFO - 最佳模型出现在第 1 轮，准确率: 9.38%
2025-05-25 11:48:12,799 - INFO - 开始在完整测试集上评估模型...
2025-05-25 11:48:15,073 - INFO - 测试进度: 0/4 (0.0%)
2025-05-25 11:48:51,082 - INFO - 测试集上的准确率: 9.60%, 耗时: 38.28秒
2025-05-25 11:48:51,091 - INFO - 正在加载模型: ./A2/checkpoints\20250525_112622\best_model_epoch_1.npz
2025-05-25 11:48:51,100 - INFO - 成功加载模型，准确率: 9.38%
2025-05-25 11:48:51,101 - INFO - 在完整测试集上评估最佳模型...
2025-05-25 11:48:51,138 - INFO - 开始在完整测试集上评估模型...
2025-05-25 11:48:53,556 - INFO - 测试进度: 0/40 (0.0%)
2025-05-25 11:50:43,316 - INFO - 测试进度: 10/40 (25.0%)
2025-05-25 11:52:35,992 - INFO - 测试进度: 20/40 (50.0%)
2025-05-25 11:54:28,726 - INFO - 测试进度: 30/40 (75.0%)
2025-05-25 11:56:10,849 - INFO - 测试集上的准确率: 10.41%, 耗时: 439.71秒
=======
2025-05-25 11:26:22,924 - INFO - 检查点将保存在: ./A2/checkpoints\20250525_112622
2025-05-25 11:26:22,925 - INFO - 正在从 E:\Files\OneDrive\Codes\PyCharmProjects\DL_from_scratch\data 加载数据...
2025-05-25 11:26:22,965 - INFO - 数据加载完成，耗时: 0.04秒
2025-05-25 11:26:22,965 - INFO - 训练样本数: 1000, 测试样本数: 1000
2025-05-25 11:26:25,611 - INFO - 输入图像形状: torch.Size([256, 1, 28, 28])
2025-05-25 11:26:26,176 - INFO - 模型初始化完成，开始训练...
2025-05-25 11:26:26,176 - INFO - 轮次 1/100 开始训练...
2025-05-25 11:26:28,670 - INFO - 批次进度: 0/4 (0.0%)
2025-05-25 11:28:11,657 - INFO - 轮次 1/100, 损失: 3.786, 耗时: 105.48秒
2025-05-25 11:28:11,658 - INFO - 在100个测试样本上评估模型...
2025-05-25 11:28:22,919 - INFO - 快速评估 - 准确率: 9.38%, 耗时: 11.26秒
2025-05-25 11:28:22,922 - INFO - 保存新的最佳模型，准确率: 9.38%
2025-05-25 11:28:22,922 - INFO - 轮次 2/100 开始训练...
2025-05-25 11:28:25,090 - INFO - 批次进度: 0/4 (0.0%)
2025-05-25 11:30:07,385 - INFO - 轮次 2/100, 损失: 3.546, 耗时: 104.46秒
2025-05-25 11:30:07,385 - INFO - 在100个测试样本上评估模型...
2025-05-25 11:30:19,524 - INFO - 快速评估 - 准确率: 9.38%, 耗时: 12.14秒
2025-05-25 11:30:19,525 - INFO - 模型性能没有改善，已经 1 轮
2025-05-25 11:30:19,525 - INFO - 轮次 3/100 开始训练...
2025-05-25 11:30:22,034 - INFO - 批次进度: 0/4 (0.0%)
2025-05-25 11:32:08,856 - INFO - 轮次 3/100, 损失: 3.381, 耗时: 109.33秒
2025-05-25 11:32:08,856 - INFO - 在100个测试样本上评估模型...
2025-05-25 11:32:20,137 - INFO - 快速评估 - 准确率: 8.98%, 耗时: 11.28秒
2025-05-25 11:32:20,138 - INFO - 模型性能没有改善，已经 2 轮
2025-05-25 11:32:20,138 - INFO - 轮次 4/100 开始训练...
2025-05-25 11:32:22,377 - INFO - 批次进度: 0/4 (0.0%)
2025-05-25 11:34:03,175 - INFO - 轮次 4/100, 损失: 3.270, 耗时: 103.04秒
2025-05-25 11:34:03,175 - INFO - 在100个测试样本上评估模型...
2025-05-25 11:34:14,613 - INFO - 快速评估 - 准确率: 9.38%, 耗时: 11.44秒
2025-05-25 11:34:14,613 - INFO - 模型性能没有改善，已经 3 轮
2025-05-25 11:34:14,614 - INFO - 轮次 5/100 开始训练...
2025-05-25 11:34:16,884 - INFO - 批次进度: 0/4 (0.0%)
2025-05-25 11:35:57,915 - INFO - 轮次 5/100, 损失: 3.173, 耗时: 103.30秒
2025-05-25 11:35:57,915 - INFO - 在100个测试样本上评估模型...
2025-05-25 11:36:09,238 - INFO - 快速评估 - 准确率: 8.20%, 耗时: 11.32秒
2025-05-25 11:36:09,239 - INFO - 模型性能没有改善，已经 4 轮
2025-05-25 11:36:09,239 - INFO - 轮次 6/100 开始训练...
2025-05-25 11:36:11,548 - INFO - 批次进度: 0/4 (0.0%)
2025-05-25 11:38:04,266 - INFO - 轮次 6/100, 损失: 3.097, 耗时: 115.03秒
2025-05-25 11:38:04,266 - INFO - 在100个测试样本上评估模型...
2025-05-25 11:38:16,205 - INFO - 快速评估 - 准确率: 8.98%, 耗时: 11.94秒
2025-05-25 11:38:16,205 - INFO - 模型性能没有改善，已经 5 轮
2025-05-25 11:38:16,206 - INFO - 轮次 7/100 开始训练...
2025-05-25 11:38:18,516 - INFO - 批次进度: 0/4 (0.0%)
2025-05-25 11:40:01,305 - INFO - 轮次 7/100, 损失: 3.038, 耗时: 105.10秒
2025-05-25 11:40:01,305 - INFO - 在100个测试样本上评估模型...
2025-05-25 11:40:12,696 - INFO - 快速评估 - 准确率: 8.59%, 耗时: 11.39秒
2025-05-25 11:40:12,696 - INFO - 模型性能没有改善，已经 6 轮
2025-05-25 11:40:12,696 - INFO - 轮次 8/100 开始训练...
2025-05-25 11:40:15,027 - INFO - 批次进度: 0/4 (0.0%)
2025-05-25 11:41:57,648 - INFO - 轮次 8/100, 损失: 2.985, 耗时: 104.95秒
2025-05-25 11:41:57,649 - INFO - 在100个测试样本上评估模型...
2025-05-25 11:42:08,932 - INFO - 快速评估 - 准确率: 8.59%, 耗时: 11.28秒
2025-05-25 11:42:08,932 - INFO - 模型性能没有改善，已经 7 轮
2025-05-25 11:42:08,932 - INFO - 轮次 9/100 开始训练...
2025-05-25 11:42:11,253 - INFO - 批次进度: 0/4 (0.0%)
2025-05-25 11:43:54,074 - INFO - 轮次 9/100, 损失: 2.938, 耗时: 105.14秒
2025-05-25 11:43:54,074 - INFO - 在100个测试样本上评估模型...
2025-05-25 11:44:05,763 - INFO - 快速评估 - 准确率: 8.59%, 耗时: 11.69秒
2025-05-25 11:44:05,763 - INFO - 模型性能没有改善，已经 8 轮
2025-05-25 11:44:05,764 - INFO - 轮次 10/100 开始训练...
2025-05-25 11:44:08,215 - INFO - 批次进度: 0/4 (0.0%)
2025-05-25 11:46:00,667 - INFO - 轮次 10/100, 损失: 2.897, 耗时: 114.90秒
2025-05-25 11:46:00,668 - INFO - 在100个测试样本上评估模型...
2025-05-25 11:46:12,551 - INFO - 快速评估 - 准确率: 8.59%, 耗时: 11.88秒
2025-05-25 11:46:12,551 - INFO - 模型性能没有改善，已经 9 轮
2025-05-25 11:46:12,551 - INFO - 轮次 11/100 开始训练...
2025-05-25 11:46:14,973 - INFO - 批次进度: 0/4 (0.0%)
2025-05-25 11:48:01,377 - INFO - 轮次 11/100, 损失: 2.866, 耗时: 108.83秒
2025-05-25 11:48:01,378 - INFO - 在100个测试样本上评估模型...
2025-05-25 11:48:12,797 - INFO - 快速评估 - 准确率: 8.59%, 耗时: 11.42秒
2025-05-25 11:48:12,797 - INFO - 模型性能没有改善，已经 10 轮
2025-05-25 11:48:12,798 - INFO - 触发早停：10 轮没有改善
2025-05-25 11:48:12,798 - INFO - 训练完成，总耗时: 1306.62秒, 平均每轮耗时: 13.07秒
2025-05-25 11:48:12,798 - INFO - 最佳模型出现在第 1 轮，准确率: 9.38%
2025-05-25 11:48:12,799 - INFO - 开始在完整测试集上评估模型...
2025-05-25 11:48:15,073 - INFO - 测试进度: 0/4 (0.0%)
2025-05-25 11:48:51,082 - INFO - 测试集上的准确率: 9.60%, 耗时: 38.28秒
2025-05-25 11:48:51,091 - INFO - 正在加载模型: ./A2/checkpoints\20250525_112622\best_model_epoch_1.npz
2025-05-25 11:48:51,100 - INFO - 成功加载模型，准确率: 9.38%
2025-05-25 11:48:51,101 - INFO - 在完整测试集上评估最佳模型...
2025-05-25 11:48:51,138 - INFO - 开始在完整测试集上评估模型...
2025-05-25 11:48:53,556 - INFO - 测试进度: 0/40 (0.0%)
2025-05-25 11:50:43,316 - INFO - 测试进度: 10/40 (25.0%)
2025-05-25 11:52:35,992 - INFO - 测试进度: 20/40 (50.0%)
2025-05-25 11:54:28,726 - INFO - 测试进度: 30/40 (75.0%)
2025-05-25 11:56:10,849 - INFO - 测试集上的准确率: 10.41%, 耗时: 439.71秒
>>>>>>> 122082e17e4a59b84a279fae2b942a56c0dd3b0b
